<?xml version="1.0" encoding="UTF-8"?>
<testsuite xmlns:xsi="http://www.w3.org/2001/XMLSchema-instance" xsi:noNamespaceSchemaLocation="https://maven.apache.org/surefire/maven-surefire-plugin/xsd/surefire-test-report-3.0.xsd" version="3.0" name="com.udacity.catpoint.SecurityServiceTest" time="0.177" tests="19" errors="0" skipped="0" failures="0">
  <properties>
    <property name="java.specification.version" value="23"/>
    <property name="sun.cpu.isalist" value="amd64"/>
    <property name="sun.jnu.encoding" value="Cp1252"/>
    <property name="java.class.path" value="C:\Users\vinay.rewatkar\Downloads\udaSecurity-java\security\target\test-classes;C:\Users\vinay.rewatkar\.m2\repository\org\mockito\mockito-junit-jupiter\4.5.1\mockito-junit-jupiter-4.5.1.jar;C:\Users\vinay.rewatkar\.m2\repository\software\amazon\awssdk\aws-json-protocol\2.17.52\aws-json-protocol-2.17.52.jar;C:\Users\vinay.rewatkar\.m2\repository\software\amazon\awssdk\third-party-jackson-core\2.17.52\third-party-jackson-core-2.17.52.jar;C:\Users\vinay.rewatkar\.m2\repository\software\amazon\awssdk\protocol-core\2.17.52\protocol-core-2.17.52.jar;C:\Users\vinay.rewatkar\.m2\repository\org\reactivestreams\reactive-streams\1.0.3\reactive-streams-1.0.3.jar;C:\Users\vinay.rewatkar\.m2\repository\software\amazon\awssdk\http-client-spi\2.17.52\http-client-spi-2.17.52.jar;C:\Users\vinay.rewatkar\.m2\repository\software\amazon\awssdk\annotations\2.17.52\annotations-2.17.52.jar;C:\Users\vinay.rewatkar\.m2\repository\software\amazon\awssdk\utils\2.17.52\utils-2.17.52.jar;C:\Users\vinay.rewatkar\.m2\repository\software\amazon\awssdk\aws-core\2.17.52\aws-core-2.17.52.jar;C:\Users\vinay.rewatkar\.m2\repository\software\amazon\awssdk\metrics-spi\2.17.52\metrics-spi-2.17.52.jar;C:\Users\vinay.rewatkar\.m2\repository\software\amazon\awssdk\apache-client\2.17.52\apache-client-2.17.52.jar;C:\Users\vinay.rewatkar\.m2\repository\org\apache\httpcomponents\httpclient\4.5.13\httpclient-4.5.13.jar;C:\Users\vinay.rewatkar\.m2\repository\commons-logging\commons-logging\1.2\commons-logging-1.2.jar;C:\Users\vinay.rewatkar\.m2\repository\commons-codec\commons-codec\1.11\commons-codec-1.11.jar;C:\Users\vinay.rewatkar\.m2\repository\org\apache\httpcomponents\httpcore\4.4.11\httpcore-4.4.11.jar;C:\Users\vinay.rewatkar\.m2\repository\software\amazon\awssdk\netty-nio-client\2.17.52\netty-nio-client-2.17.52.jar;C:\Users\vinay.rewatkar\.m2\repository\io\netty\netty-codec-http\4.1.68.Final\netty-codec-http-4.1.68.Final.jar;C:\Users\vinay.rewatkar\.m2\repository\io\netty\netty-codec-http2\4.1.68.Final\netty-codec-http2-4.1.68.Final.jar;C:\Users\vinay.rewatkar\.m2\repository\io\netty\netty-codec\4.1.68.Final\netty-codec-4.1.68.Final.jar;C:\Users\vinay.rewatkar\.m2\repository\io\netty\netty-transport\4.1.68.Final\netty-transport-4.1.68.Final.jar;C:\Users\vinay.rewatkar\.m2\repository\io\netty\netty-resolver\4.1.68.Final\netty-resolver-4.1.68.Final.jar;C:\Users\vinay.rewatkar\.m2\repository\io\netty\netty-common\4.1.68.Final\netty-common-4.1.68.Final.jar;C:\Users\vinay.rewatkar\.m2\repository\io\netty\netty-buffer\4.1.68.Final\netty-buffer-4.1.68.Final.jar;C:\Users\vinay.rewatkar\.m2\repository\io\netty\netty-handler\4.1.68.Final\netty-handler-4.1.68.Final.jar;C:\Users\vinay.rewatkar\.m2\repository\io\netty\netty-transport-native-epoll\4.1.68.Final\netty-transport-native-epoll-4.1.68.Final-linux-x86_64.jar;C:\Users\vinay.rewatkar\.m2\repository\io\netty\netty-transport-native-unix-common\4.1.68.Final\netty-transport-native-unix-common-4.1.68.Final.jar;C:\Users\vinay.rewatkar\.m2\repository\com\typesafe\netty\netty-reactive-streams-http\2.0.5\netty-reactive-streams-http-2.0.5.jar;C:\Users\vinay.rewatkar\.m2\repository\com\typesafe\netty\netty-reactive-streams\2.0.5\netty-reactive-streams-2.0.5.jar;C:\Users\vinay.rewatkar\.m2\repository\software\amazon\awssdk\profiles\2.17.52\profiles-2.17.52.jar;C:\Users\vinay.rewatkar\.m2\repository\software\amazon\awssdk\json-utils\2.17.52\json-utils-2.17.52.jar;C:\Users\vinay.rewatkar\.m2\repository\software\amazon\eventstream\eventstream\1.0.1\eventstream-1.0.1.jar;C:\Users\vinay.rewatkar\.m2\repository\com\miglayout\miglayout-core\5.3\miglayout-core-5.3.jar;C:\Users\vinay.rewatkar\.m2\repository\com\google\guava\failureaccess\1.0.1\failureaccess-1.0.1.jar;C:\Users\vinay.rewatkar\.m2\repository\com\google\guava\listenablefuture\9999.0-empty-to-avoid-conflict-with-guava\listenablefuture-9999.0-empty-to-avoid-conflict-with-guava.jar;C:\Users\vinay.rewatkar\.m2\repository\com\google\code\findbugs\jsr305\3.0.2\jsr305-3.0.2.jar;C:\Users\vinay.rewatkar\.m2\repository\org\checkerframework\checker-qual\3.12.0\checker-qual-3.12.0.jar;C:\Users\vinay.rewatkar\.m2\repository\com\google\errorprone\error_prone_annotations\2.11.0\error_prone_annotations-2.11.0.jar;C:\Users\vinay.rewatkar\.m2\repository\com\google\j2objc\j2objc-annotations\1.3\j2objc-annotations-1.3.jar;C:\Users\vinay.rewatkar\.m2\repository\org\slf4j\slf4j-simple\1.7.36\slf4j-simple-1.7.36.jar;C:\Users\vinay.rewatkar\.m2\repository\org\junit\jupiter\junit-jupiter-api\5.8.2\junit-jupiter-api-5.8.2.jar;C:\Users\vinay.rewatkar\.m2\repository\org\opentest4j\opentest4j\1.2.0\opentest4j-1.2.0.jar;C:\Users\vinay.rewatkar\.m2\repository\org\junit\platform\junit-platform-commons\1.8.2\junit-platform-commons-1.8.2.jar;C:\Users\vinay.rewatkar\.m2\repository\org\apiguardian\apiguardian-api\1.1.2\apiguardian-api-1.1.2.jar;C:\Users\vinay.rewatkar\.m2\repository\org\junit\jupiter\junit-jupiter-engine\5.8.2\junit-jupiter-engine-5.8.2.jar;C:\Users\vinay.rewatkar\.m2\repository\org\junit\platform\junit-platform-engine\1.8.2\junit-platform-engine-1.8.2.jar;C:\Users\vinay.rewatkar\.m2\repository\org\mockito\mockito-core\4.5.1\mockito-core-4.5.1.jar;C:\Users\vinay.rewatkar\.m2\repository\net\bytebuddy\byte-buddy\1.12.9\byte-buddy-1.12.9.jar;C:\Users\vinay.rewatkar\.m2\repository\net\bytebuddy\byte-buddy-agent\1.12.9\byte-buddy-agent-1.12.9.jar;C:\Users\vinay.rewatkar\.m2\repository\org\objenesis\objenesis\3.2\objenesis-3.2.jar;C:\Users\vinay.rewatkar\.m2\repository\org\junit\jupiter\junit-jupiter-params\5.8.2\junit-jupiter-params-5.8.2.jar;"/>
    <property name="java.vm.vendor" value="Oracle Corporation"/>
    <property name="sun.arch.data.model" value="64"/>
    <property name="user.variant" value=""/>
    <property name="java.vendor.url" value="https://java.oracle.com/"/>
    <property name="user.timezone" value="Asia/Calcutta"/>
    <property name="os.name" value="Windows 11"/>
    <property name="java.vm.specification.version" value="23"/>
    <property name="sun.java.launcher" value="SUN_STANDARD"/>
    <property name="user.country" value="IN"/>
    <property name="sun.boot.library.path" value="C:\Java\jdk-23\openjdk-23.0.2_windows-x64_bin\jdk-23.0.2\bin"/>
    <property name="sun.java.command" value="org.apache.maven.surefire.booter.ForkedBooter C:\Users\vinay.rewatkar\AppData\Local\Temp\surefire9678663019724809049 2025-04-07T22-09-23_995-jvmRun1 surefire13333781272766140331tmp surefire_0918259226582296500tmp"/>
    <property name="jdk.debug" value="release"/>
    <property name="surefire.test.class.path" value="C:\Users\vinay.rewatkar\Downloads\udaSecurity-java\security\target\test-classes;C:\Users\vinay.rewatkar\.m2\repository\org\mockito\mockito-junit-jupiter\4.5.1\mockito-junit-jupiter-4.5.1.jar;C:\Users\vinay.rewatkar\.m2\repository\software\amazon\awssdk\aws-json-protocol\2.17.52\aws-json-protocol-2.17.52.jar;C:\Users\vinay.rewatkar\.m2\repository\software\amazon\awssdk\third-party-jackson-core\2.17.52\third-party-jackson-core-2.17.52.jar;C:\Users\vinay.rewatkar\.m2\repository\software\amazon\awssdk\protocol-core\2.17.52\protocol-core-2.17.52.jar;C:\Users\vinay.rewatkar\.m2\repository\org\reactivestreams\reactive-streams\1.0.3\reactive-streams-1.0.3.jar;C:\Users\vinay.rewatkar\.m2\repository\software\amazon\awssdk\http-client-spi\2.17.52\http-client-spi-2.17.52.jar;C:\Users\vinay.rewatkar\.m2\repository\software\amazon\awssdk\annotations\2.17.52\annotations-2.17.52.jar;C:\Users\vinay.rewatkar\.m2\repository\software\amazon\awssdk\utils\2.17.52\utils-2.17.52.jar;C:\Users\vinay.rewatkar\.m2\repository\software\amazon\awssdk\aws-core\2.17.52\aws-core-2.17.52.jar;C:\Users\vinay.rewatkar\.m2\repository\software\amazon\awssdk\metrics-spi\2.17.52\metrics-spi-2.17.52.jar;C:\Users\vinay.rewatkar\.m2\repository\software\amazon\awssdk\apache-client\2.17.52\apache-client-2.17.52.jar;C:\Users\vinay.rewatkar\.m2\repository\org\apache\httpcomponents\httpclient\4.5.13\httpclient-4.5.13.jar;C:\Users\vinay.rewatkar\.m2\repository\commons-logging\commons-logging\1.2\commons-logging-1.2.jar;C:\Users\vinay.rewatkar\.m2\repository\commons-codec\commons-codec\1.11\commons-codec-1.11.jar;C:\Users\vinay.rewatkar\.m2\repository\org\apache\httpcomponents\httpcore\4.4.11\httpcore-4.4.11.jar;C:\Users\vinay.rewatkar\.m2\repository\software\amazon\awssdk\netty-nio-client\2.17.52\netty-nio-client-2.17.52.jar;C:\Users\vinay.rewatkar\.m2\repository\io\netty\netty-codec-http\4.1.68.Final\netty-codec-http-4.1.68.Final.jar;C:\Users\vinay.rewatkar\.m2\repository\io\netty\netty-codec-http2\4.1.68.Final\netty-codec-http2-4.1.68.Final.jar;C:\Users\vinay.rewatkar\.m2\repository\io\netty\netty-codec\4.1.68.Final\netty-codec-4.1.68.Final.jar;C:\Users\vinay.rewatkar\.m2\repository\io\netty\netty-transport\4.1.68.Final\netty-transport-4.1.68.Final.jar;C:\Users\vinay.rewatkar\.m2\repository\io\netty\netty-resolver\4.1.68.Final\netty-resolver-4.1.68.Final.jar;C:\Users\vinay.rewatkar\.m2\repository\io\netty\netty-common\4.1.68.Final\netty-common-4.1.68.Final.jar;C:\Users\vinay.rewatkar\.m2\repository\io\netty\netty-buffer\4.1.68.Final\netty-buffer-4.1.68.Final.jar;C:\Users\vinay.rewatkar\.m2\repository\io\netty\netty-handler\4.1.68.Final\netty-handler-4.1.68.Final.jar;C:\Users\vinay.rewatkar\.m2\repository\io\netty\netty-transport-native-epoll\4.1.68.Final\netty-transport-native-epoll-4.1.68.Final-linux-x86_64.jar;C:\Users\vinay.rewatkar\.m2\repository\io\netty\netty-transport-native-unix-common\4.1.68.Final\netty-transport-native-unix-common-4.1.68.Final.jar;C:\Users\vinay.rewatkar\.m2\repository\com\typesafe\netty\netty-reactive-streams-http\2.0.5\netty-reactive-streams-http-2.0.5.jar;C:\Users\vinay.rewatkar\.m2\repository\com\typesafe\netty\netty-reactive-streams\2.0.5\netty-reactive-streams-2.0.5.jar;C:\Users\vinay.rewatkar\.m2\repository\software\amazon\awssdk\profiles\2.17.52\profiles-2.17.52.jar;C:\Users\vinay.rewatkar\.m2\repository\software\amazon\awssdk\json-utils\2.17.52\json-utils-2.17.52.jar;C:\Users\vinay.rewatkar\.m2\repository\software\amazon\eventstream\eventstream\1.0.1\eventstream-1.0.1.jar;C:\Users\vinay.rewatkar\.m2\repository\com\miglayout\miglayout-core\5.3\miglayout-core-5.3.jar;C:\Users\vinay.rewatkar\.m2\repository\com\google\guava\failureaccess\1.0.1\failureaccess-1.0.1.jar;C:\Users\vinay.rewatkar\.m2\repository\com\google\guava\listenablefuture\9999.0-empty-to-avoid-conflict-with-guava\listenablefuture-9999.0-empty-to-avoid-conflict-with-guava.jar;C:\Users\vinay.rewatkar\.m2\repository\com\google\code\findbugs\jsr305\3.0.2\jsr305-3.0.2.jar;C:\Users\vinay.rewatkar\.m2\repository\org\checkerframework\checker-qual\3.12.0\checker-qual-3.12.0.jar;C:\Users\vinay.rewatkar\.m2\repository\com\google\errorprone\error_prone_annotations\2.11.0\error_prone_annotations-2.11.0.jar;C:\Users\vinay.rewatkar\.m2\repository\com\google\j2objc\j2objc-annotations\1.3\j2objc-annotations-1.3.jar;C:\Users\vinay.rewatkar\.m2\repository\org\slf4j\slf4j-simple\1.7.36\slf4j-simple-1.7.36.jar;C:\Users\vinay.rewatkar\.m2\repository\org\junit\jupiter\junit-jupiter-api\5.8.2\junit-jupiter-api-5.8.2.jar;C:\Users\vinay.rewatkar\.m2\repository\org\opentest4j\opentest4j\1.2.0\opentest4j-1.2.0.jar;C:\Users\vinay.rewatkar\.m2\repository\org\junit\platform\junit-platform-commons\1.8.2\junit-platform-commons-1.8.2.jar;C:\Users\vinay.rewatkar\.m2\repository\org\apiguardian\apiguardian-api\1.1.2\apiguardian-api-1.1.2.jar;C:\Users\vinay.rewatkar\.m2\repository\org\junit\jupiter\junit-jupiter-engine\5.8.2\junit-jupiter-engine-5.8.2.jar;C:\Users\vinay.rewatkar\.m2\repository\org\junit\platform\junit-platform-engine\1.8.2\junit-platform-engine-1.8.2.jar;C:\Users\vinay.rewatkar\.m2\repository\org\mockito\mockito-core\4.5.1\mockito-core-4.5.1.jar;C:\Users\vinay.rewatkar\.m2\repository\net\bytebuddy\byte-buddy\1.12.9\byte-buddy-1.12.9.jar;C:\Users\vinay.rewatkar\.m2\repository\net\bytebuddy\byte-buddy-agent\1.12.9\byte-buddy-agent-1.12.9.jar;C:\Users\vinay.rewatkar\.m2\repository\org\objenesis\objenesis\3.2\objenesis-3.2.jar;C:\Users\vinay.rewatkar\.m2\repository\org\junit\jupiter\junit-jupiter-params\5.8.2\junit-jupiter-params-5.8.2.jar;"/>
    <property name="sun.cpu.endian" value="little"/>
    <property name="user.home" value="C:\Users\vinay.rewatkar"/>
    <property name="user.language" value="en"/>
    <property name="java.specification.vendor" value="Oracle Corporation"/>
    <property name="jdk.module.path" value="C:\Users\vinay.rewatkar\Downloads\udaSecurity-java\security\target\classes;C:\Users\vinay.rewatkar\Downloads\udaSecurity-java\image\target\image-1.0-SNAPSHOT.jar;C:\Users\vinay.rewatkar\.m2\repository\software\amazon\awssdk\rekognition\2.17.52\rekognition-2.17.52.jar;C:\Users\vinay.rewatkar\.m2\repository\software\amazon\awssdk\sdk-core\2.17.52\sdk-core-2.17.52.jar;C:\Users\vinay.rewatkar\.m2\repository\software\amazon\awssdk\regions\2.17.52\regions-2.17.52.jar;C:\Users\vinay.rewatkar\.m2\repository\software\amazon\awssdk\auth\2.17.52\auth-2.17.52.jar;C:\Users\vinay.rewatkar\.m2\repository\com\miglayout\miglayout-swing\5.3\miglayout-swing-5.3.jar;C:\Users\vinay.rewatkar\.m2\repository\com\google\code\gson\gson\2.9.0\gson-2.9.0.jar;C:\Users\vinay.rewatkar\.m2\repository\com\google\guava\guava\31.1-jre\guava-31.1-jre.jar;C:\Users\vinay.rewatkar\.m2\repository\org\slf4j\slf4j-api\1.7.36\slf4j-api-1.7.36.jar"/>
    <property name="java.version.date" value="2025-01-21"/>
    <property name="java.home" value="C:\Java\jdk-23\openjdk-23.0.2_windows-x64_bin\jdk-23.0.2"/>
    <property name="file.separator" value="\"/>
    <property name="basedir" value="C:\Users\vinay.rewatkar\Downloads\udaSecurity-java\security"/>
    <property name="java.vm.compressedOopsMode" value="Zero based"/>
    <property name="line.separator" value="&#10;"/>
    <property name="java.vm.specification.vendor" value="Oracle Corporation"/>
    <property name="java.specification.name" value="Java Platform API Specification"/>
    <property name="surefire.real.class.path" value="C:\Users\vinay.rewatkar\.m2\repository\org\apache\maven\surefire\surefire-booter\3.0.0-M5\surefire-booter-3.0.0-M5.jar;C:\Users\vinay.rewatkar\.m2\repository\org\apache\maven\surefire\surefire-api\3.0.0-M5\surefire-api-3.0.0-M5.jar;C:\Users\vinay.rewatkar\.m2\repository\org\apache\maven\surefire\surefire-logger-api\3.0.0-M5\surefire-logger-api-3.0.0-M5.jar;C:\Users\vinay.rewatkar\.m2\repository\org\apache\maven\surefire\surefire-shared-utils\3.0.0-M4\surefire-shared-utils-3.0.0-M4.jar;C:\Users\vinay.rewatkar\.m2\repository\org\apache\maven\surefire\surefire-extensions-spi\3.0.0-M5\surefire-extensions-spi-3.0.0-M5.jar;C:\Users\vinay.rewatkar\Downloads\udaSecurity-java\security\target\test-classes;C:\Users\vinay.rewatkar\.m2\repository\org\mockito\mockito-junit-jupiter\4.5.1\mockito-junit-jupiter-4.5.1.jar;C:\Users\vinay.rewatkar\.m2\repository\software\amazon\awssdk\aws-json-protocol\2.17.52\aws-json-protocol-2.17.52.jar;C:\Users\vinay.rewatkar\.m2\repository\software\amazon\awssdk\third-party-jackson-core\2.17.52\third-party-jackson-core-2.17.52.jar;C:\Users\vinay.rewatkar\.m2\repository\software\amazon\awssdk\protocol-core\2.17.52\protocol-core-2.17.52.jar;C:\Users\vinay.rewatkar\.m2\repository\org\reactivestreams\reactive-streams\1.0.3\reactive-streams-1.0.3.jar;C:\Users\vinay.rewatkar\.m2\repository\software\amazon\awssdk\http-client-spi\2.17.52\http-client-spi-2.17.52.jar;C:\Users\vinay.rewatkar\.m2\repository\software\amazon\awssdk\annotations\2.17.52\annotations-2.17.52.jar;C:\Users\vinay.rewatkar\.m2\repository\software\amazon\awssdk\utils\2.17.52\utils-2.17.52.jar;C:\Users\vinay.rewatkar\.m2\repository\software\amazon\awssdk\aws-core\2.17.52\aws-core-2.17.52.jar;C:\Users\vinay.rewatkar\.m2\repository\software\amazon\awssdk\metrics-spi\2.17.52\metrics-spi-2.17.52.jar;C:\Users\vinay.rewatkar\.m2\repository\software\amazon\awssdk\apache-client\2.17.52\apache-client-2.17.52.jar;C:\Users\vinay.rewatkar\.m2\repository\org\apache\httpcomponents\httpclient\4.5.13\httpclient-4.5.13.jar;C:\Users\vinay.rewatkar\.m2\repository\commons-logging\commons-logging\1.2\commons-logging-1.2.jar;C:\Users\vinay.rewatkar\.m2\repository\commons-codec\commons-codec\1.11\commons-codec-1.11.jar;C:\Users\vinay.rewatkar\.m2\repository\org\apache\httpcomponents\httpcore\4.4.11\httpcore-4.4.11.jar;C:\Users\vinay.rewatkar\.m2\repository\software\amazon\awssdk\netty-nio-client\2.17.52\netty-nio-client-2.17.52.jar;C:\Users\vinay.rewatkar\.m2\repository\io\netty\netty-codec-http\4.1.68.Final\netty-codec-http-4.1.68.Final.jar;C:\Users\vinay.rewatkar\.m2\repository\io\netty\netty-codec-http2\4.1.68.Final\netty-codec-http2-4.1.68.Final.jar;C:\Users\vinay.rewatkar\.m2\repository\io\netty\netty-codec\4.1.68.Final\netty-codec-4.1.68.Final.jar;C:\Users\vinay.rewatkar\.m2\repository\io\netty\netty-transport\4.1.68.Final\netty-transport-4.1.68.Final.jar;C:\Users\vinay.rewatkar\.m2\repository\io\netty\netty-resolver\4.1.68.Final\netty-resolver-4.1.68.Final.jar;C:\Users\vinay.rewatkar\.m2\repository\io\netty\netty-common\4.1.68.Final\netty-common-4.1.68.Final.jar;C:\Users\vinay.rewatkar\.m2\repository\io\netty\netty-buffer\4.1.68.Final\netty-buffer-4.1.68.Final.jar;C:\Users\vinay.rewatkar\.m2\repository\io\netty\netty-handler\4.1.68.Final\netty-handler-4.1.68.Final.jar;C:\Users\vinay.rewatkar\.m2\repository\io\netty\netty-transport-native-epoll\4.1.68.Final\netty-transport-native-epoll-4.1.68.Final-linux-x86_64.jar;C:\Users\vinay.rewatkar\.m2\repository\io\netty\netty-transport-native-unix-common\4.1.68.Final\netty-transport-native-unix-common-4.1.68.Final.jar;C:\Users\vinay.rewatkar\.m2\repository\com\typesafe\netty\netty-reactive-streams-http\2.0.5\netty-reactive-streams-http-2.0.5.jar;C:\Users\vinay.rewatkar\.m2\repository\com\typesafe\netty\netty-reactive-streams\2.0.5\netty-reactive-streams-2.0.5.jar;C:\Users\vinay.rewatkar\.m2\repository\software\amazon\awssdk\profiles\2.17.52\profiles-2.17.52.jar;C:\Users\vinay.rewatkar\.m2\repository\software\amazon\awssdk\json-utils\2.17.52\json-utils-2.17.52.jar;C:\Users\vinay.rewatkar\.m2\repository\software\amazon\eventstream\eventstream\1.0.1\eventstream-1.0.1.jar;C:\Users\vinay.rewatkar\.m2\repository\com\miglayout\miglayout-core\5.3\miglayout-core-5.3.jar;C:\Users\vinay.rewatkar\.m2\repository\com\google\guava\failureaccess\1.0.1\failureaccess-1.0.1.jar;C:\Users\vinay.rewatkar\.m2\repository\com\google\guava\listenablefuture\9999.0-empty-to-avoid-conflict-with-guava\listenablefuture-9999.0-empty-to-avoid-conflict-with-guava.jar;C:\Users\vinay.rewatkar\.m2\repository\com\google\code\findbugs\jsr305\3.0.2\jsr305-3.0.2.jar;C:\Users\vinay.rewatkar\.m2\repository\org\checkerframework\checker-qual\3.12.0\checker-qual-3.12.0.jar;C:\Users\vinay.rewatkar\.m2\repository\com\google\errorprone\error_prone_annotations\2.11.0\error_prone_annotations-2.11.0.jar;C:\Users\vinay.rewatkar\.m2\repository\com\google\j2objc\j2objc-annotations\1.3\j2objc-annotations-1.3.jar;C:\Users\vinay.rewatkar\.m2\repository\org\slf4j\slf4j-simple\1.7.36\slf4j-simple-1.7.36.jar;C:\Users\vinay.rewatkar\.m2\repository\org\junit\jupiter\junit-jupiter-api\5.8.2\junit-jupiter-api-5.8.2.jar;C:\Users\vinay.rewatkar\.m2\repository\org\opentest4j\opentest4j\1.2.0\opentest4j-1.2.0.jar;C:\Users\vinay.rewatkar\.m2\repository\org\junit\platform\junit-platform-commons\1.8.2\junit-platform-commons-1.8.2.jar;C:\Users\vinay.rewatkar\.m2\repository\org\apiguardian\apiguardian-api\1.1.2\apiguardian-api-1.1.2.jar;C:\Users\vinay.rewatkar\.m2\repository\org\junit\jupiter\junit-jupiter-engine\5.8.2\junit-jupiter-engine-5.8.2.jar;C:\Users\vinay.rewatkar\.m2\repository\org\junit\platform\junit-platform-engine\1.8.2\junit-platform-engine-1.8.2.jar;C:\Users\vinay.rewatkar\.m2\repository\org\mockito\mockito-core\4.5.1\mockito-core-4.5.1.jar;C:\Users\vinay.rewatkar\.m2\repository\net\bytebuddy\byte-buddy\1.12.9\byte-buddy-1.12.9.jar;C:\Users\vinay.rewatkar\.m2\repository\net\bytebuddy\byte-buddy-agent\1.12.9\byte-buddy-agent-1.12.9.jar;C:\Users\vinay.rewatkar\.m2\repository\org\objenesis\objenesis\3.2\objenesis-3.2.jar;C:\Users\vinay.rewatkar\.m2\repository\org\junit\jupiter\junit-jupiter-params\5.8.2\junit-jupiter-params-5.8.2.jar;C:\Users\vinay.rewatkar\.m2\repository\org\apache\maven\surefire\surefire-junit-platform\3.0.0-M5\surefire-junit-platform-3.0.0-M5.jar;C:\Users\vinay.rewatkar\.m2\repository\org\apache\maven\surefire\common-java5\3.0.0-M5\common-java5-3.0.0-M5.jar;C:\Users\vinay.rewatkar\.m2\repository\org\junit\platform\junit-platform-launcher\1.8.2\junit-platform-launcher-1.8.2.jar"/>
    <property name="user.script" value=""/>
    <property name="sun.management.compiler" value="HotSpot 64-Bit Tiered Compilers"/>
    <property name="java.runtime.version" value="23.0.2+7-58"/>
    <property name="user.name" value="vinay.rewatkar"/>
    <property name="stdout.encoding" value="Cp1252"/>
    <property name="path.separator" value=";"/>
    <property name="os.version" value="10.0"/>
    <property name="java.runtime.name" value="OpenJDK Runtime Environment"/>
    <property name="file.encoding" value="UTF-8"/>
    <property name="java.vm.name" value="OpenJDK 64-Bit Server VM"/>
    <property name="localRepository" value="C:\Users\vinay.rewatkar\.m2\repository"/>
    <property name="java.vendor.url.bug" value="https://bugreport.java.com/bugreport/"/>
    <property name="java.io.tmpdir" value="C:\Users\VINAY~1.REW\AppData\Local\Temp\"/>
    <property name="idea.version" value="2024.3.4.1"/>
    <property name="java.version" value="23.0.2"/>
    <property name="user.dir" value="C:\Users\vinay.rewatkar\Downloads\udaSecurity-java\security"/>
    <property name="os.arch" value="amd64"/>
    <property name="java.vm.specification.name" value="Java Virtual Machine Specification"/>
    <property name="sun.os.patch.level" value=""/>
    <property name="native.encoding" value="Cp1252"/>
    <property name="java.library.path" value="C:\Java\jdk-23\openjdk-23.0.2_windows-x64_bin\jdk-23.0.2\bin;C:\windows\Sun\Java\bin;C:\windows\system32;C:\windows;C:\windows\system32;C:\windows;C:\windows\System32\Wbem;C:\windows\System32\WindowsPowerShell\v1.0\;C:\windows\System32\OpenSSH\;C:\Users\vinay.rewatkar\AppData\Local\Programs\Python\Python312\Scripts\;C:\Users\vinay.rewatkar\AppData\Local\Programs\Python\Python312\;C:\Users\vinay.rewatkar\AppData\Local\Programs\Python\Launcher\;C:\Users\vinay.rewatkar\AppData\Local\Microsoft\WindowsApps;C:\Users\vinay.rewatkar\AppData\Local\Programs\Microsoft VS Code\bin;C:\Users\vinay.rewatkar\AppData\Local\JetBrains\IntelliJ IDEA Community Edition 2024.3.4.1\bin;;C:\Users\vinay.rewatkar\AppData\Local\Programs\Git\cmd;."/>
    <property name="java.vm.info" value="mixed mode"/>
    <property name="stderr.encoding" value="Cp1252"/>
    <property name="java.vendor" value="Oracle Corporation"/>
    <property name="java.vm.version" value="23.0.2+7-58"/>
    <property name="sun.io.unicode.encoding" value="UnicodeLittle"/>
    <property name="java.class.version" value="67.0"/>
  </properties>
  <testcase name="setArmingStatus_armedHomeWithCat_setsAlarm" classname="com.udacity.catpoint.SecurityServiceTest" time="0.077"/>
  <testcase name="setArmingStatus_armed_resetsAllSensors(ArmingStatus)[1]" classname="com.udacity.catpoint.SecurityServiceTest" time="0.021"/>
  <testcase name="setArmingStatus_armed_resetsAllSensors(ArmingStatus)[2]" classname="com.udacity.catpoint.SecurityServiceTest" time="0.001"/>
  <testcase name="removeSensor_removesFromRepository" classname="com.udacity.catpoint.SecurityServiceTest" time="0.001"/>
  <testcase name="processImage_noCatWithInactiveSensors_setsNoAlarm" classname="com.udacity.catpoint.SecurityServiceTest" time="0.001"/>
  <testcase name="removeStatusListener_removesListener" classname="com.udacity.catpoint.SecurityServiceTest" time="0.001"/>
  <testcase name="processImage_catDetectedWhileArmedHome_setsAlarm" classname="com.udacity.catpoint.SecurityServiceTest" time="0.001"/>
  <testcase name="notifyCatDetection_notifiesAllListeners" classname="com.udacity.catpoint.SecurityServiceTest" time="0.002"/>
  <testcase name="changeSensorActivationStatus_allInactiveWhilePending_setsNoAlarm" classname="com.udacity.catpoint.SecurityServiceTest" time="0.001"/>
  <testcase name="processImage_nullImage_notifiesNoCat" classname="com.udacity.catpoint.SecurityServiceTest" time="0.001"/>
  <testcase name="changeSensorActivationStatus_secondActiveWhilePending_setsAlarm" classname="com.udacity.catpoint.SecurityServiceTest" time="0.002"/>
  <testcase name="changeSensorActivationStatus_activeWhileArmed_setsPendingAlarm" classname="com.udacity.catpoint.SecurityServiceTest" time="0.001"/>
  <testcase name="addSensor_addsToRepository" classname="com.udacity.catpoint.SecurityServiceTest" time="0.001"/>
  <testcase name="areAnySensorsActive_returnsTrueWhenActive" classname="com.udacity.catpoint.SecurityServiceTest" time="0.001"/>
  <testcase name="setArmingStatus_disarmed_setsNoAlarm" classname="com.udacity.catpoint.SecurityServiceTest" time="0.002"/>
  <testcase name="allSensorsInactive_returnsTrueWhenNoneActive" classname="com.udacity.catpoint.SecurityServiceTest" time="0.001"/>
  <testcase name="notifyArmingStatusChanged_notifiesAllListeners" classname="com.udacity.catpoint.SecurityServiceTest" time="0.002"/>
  <testcase name="getStatusListeners_returnsCopy" classname="com.udacity.catpoint.SecurityServiceTest" time="0"/>
  <testcase name="addStatusListener_addsListener" classname="com.udacity.catpoint.SecurityServiceTest" time="0.001"/>
</testsuite>